<?xml version='1.0' encoding='UTF-8'?>
<testsuite hostname="marco-work" name="TokenizerTest" tests="1" errors="0" failures="1" skipped="0" time="0.1" timestamp="2024-05-10T17:13:35">
          <properties>
[...]
</properties>
          <testcase classname="TokenizerTest" name="test valid tokens" time="0.1">
                      <failure message="/home/mvitangeli/boolalg/src/test/scala/MySuite.scala:4 assertion failed
3:      SimpleParser.parse(&quot;p v q v ~r&quot;, Map[String, Boolean]())
[7m4:      assert(2 &lt; 1)[0m
5:  }" type="munit.FailException">munit.FailException: /home/mvitangeli/boolalg/src/test/scala/MySuite.scala:4 assertion failed
3:      SimpleParser.parse(&quot;p v q v ~r&quot;, Map[String, Boolean]())
[7m4:      assert(2 &lt; 1)[0m
5:  }
	at munit.FunSuite.assert(FunSuite.scala:11)
	at TokenizerTest.$init$$$anonfun$1(MySuite.scala:4)
</failure>
                    </testcase>
          <system-out><![CDATA[]]></system-out>
          <system-err><![CDATA[]]></system-err>
        </testsuite>